Compiling the C compiler identification source file "CMakeCCompilerId.c" failed.
Compiler: /usr/local/gcc-arm-none-eabi-9-2019-q4-major/bin/arm-none-eabi-gcc 
Build flags: -D__ARM_FEATURE_CMSE=3;-D__thumb2__;;-fshort-enums;-fshort-wchar;-funsigned-char;-msoft-float;-mcmse;--specs=nano.specs;-DMBEDTLS_CONFIG_FILE=\"tfm_mbedtls_config.h\";-I//vagrant/ext/trusted-firmware-m/platform/ext/common;-DLIB_PREFIX_NAME=__tfm_storage__;-include;//vagrant/ext/trusted-firmware-m/secure_fw/services/secure_storage/crypto/mbedtls_global_symbols.h;;;-march=armv8-m.main
Id flags:  

The output was:
1
<command-line>: warning: missing terminating " character
/usr/local/gcc-arm-none-eabi-9-2019-q4-major/bin/../lib/gcc/arm-none-eabi/9.2.1/../../../../arm-none-eabi/bin/ld: warning: /tmp/ccmbFEO2.o uses 2-byte wchar_t yet the output is to use 4-byte wchar_t; use of wchar_t values across objects may fail
/usr/local/gcc-arm-none-eabi-9-2019-q4-major/bin/../lib/gcc/arm-none-eabi/9.2.1/../../../../arm-none-eabi/bin/ld: /usr/local/gcc-arm-none-eabi-9-2019-q4-major/bin/../lib/gcc/arm-none-eabi/9.2.1/../../../../arm-none-eabi/lib/thumb/v8-m.main/nofp/libc_nano.a(lib_a-exit.o): in function `exit':
exit.c:(.text.exit+0x1a): undefined reference to `_exit'
collect2: error: ld returned 1 exit status


Detecting C compiler ABI info failed to compile with the following output:
Change Dir: //vagrant/apps/plc_led_blink/_build/arm-tfm/app/secure_fw/services/secure_storage/mbedtls/CMakeFiles/CMakeTmp

Run Build Command(s):/usr/bin/make cmTC_bca75/fast && make[4]: Entering directory '/vagrant/apps/plc_led_blink/_build/arm-tfm/app/secure_fw/services/secure_storage/mbedtls/CMakeFiles/CMakeTmp'
/usr/bin/make -f CMakeFiles/cmTC_bca75.dir/build.make CMakeFiles/cmTC_bca75.dir/build
make[5]: Entering directory '/vagrant/apps/plc_led_blink/_build/arm-tfm/app/secure_fw/services/secure_storage/mbedtls/CMakeFiles/CMakeTmp'
Building C object CMakeFiles/cmTC_bca75.dir/CMakeCCompilerABI.o
/usr/local/gcc-arm-none-eabi-9-2019-q4-major/bin/arm-none-eabi-gcc   -D__ARM_FEATURE_CMSE=3 -D__thumb2__  -fshort-enums -fshort-wchar -funsigned-char -msoft-float -mcmse --specs=nano.specs -DMBEDTLS_CONFIG_FILE=\"tfm_mbedtls_config.h\" -I//vagrant/ext/trusted-firmware-m/platform/ext/common -DLIB_PREFIX_NAME=__tfm_storage__ -include //vagrant/ext/trusted-firmware-m/secure_fw/services/secure_storage/crypto/mbedtls_global_symbols.h   -march=armv8-m.main    -o CMakeFiles/cmTC_bca75.dir/CMakeCCompilerABI.o   -c /usr/local/share/cmake-3.17/Modules/CMakeCCompilerABI.c
Linking C executable cmTC_bca75.axf
/usr/local/bin/cmake -E cmake_link_script CMakeFiles/cmTC_bca75.dir/link.txt --verbose=1
/usr/local/gcc-arm-none-eabi-9-2019-q4-major/bin/arm-none-eabi-gcc    CMakeFiles/cmTC_bca75.dir/CMakeCCompilerABI.o  -o cmTC_bca75.axf -Xlinker -Map=cmTC_bca75.map
/usr/local/gcc-arm-none-eabi-9-2019-q4-major/bin/../lib/gcc/arm-none-eabi/9.2.1/../../../../arm-none-eabi/bin/ld: error: CMakeFiles/cmTC_bca75.dir/CMakeCCompilerABI.o: conflicting CPU architectures 2/17
/usr/local/gcc-arm-none-eabi-9-2019-q4-major/bin/../lib/gcc/arm-none-eabi/9.2.1/../../../../arm-none-eabi/bin/ld: failed to merge target specific data of file CMakeFiles/cmTC_bca75.dir/CMakeCCompilerABI.o
/usr/local/gcc-arm-none-eabi-9-2019-q4-major/bin/../lib/gcc/arm-none-eabi/9.2.1/../../../../arm-none-eabi/bin/ld: /usr/local/gcc-arm-none-eabi-9-2019-q4-major/bin/../lib/gcc/arm-none-eabi/9.2.1/../../../../arm-none-eabi/lib/libc.a(lib_a-exit.o): in function `exit':
exit.c:(.text.exit+0x2c): undefined reference to `_exit'
collect2: error: ld returned 1 exit status
CMakeFiles/cmTC_bca75.dir/build.make:103: recipe for target 'cmTC_bca75.axf' failed
make[5]: *** [cmTC_bca75.axf] Error 1
make[5]: Leaving directory '/vagrant/apps/plc_led_blink/_build/arm-tfm/app/secure_fw/services/secure_storage/mbedtls/CMakeFiles/CMakeTmp'
Makefile:138: recipe for target 'cmTC_bca75/fast' failed
make[4]: *** [cmTC_bca75/fast] Error 2
make[4]: Leaving directory '/vagrant/apps/plc_led_blink/_build/arm-tfm/app/secure_fw/services/secure_storage/mbedtls/CMakeFiles/CMakeTmp'




